%MSG-w FastCloning:  RootOutput:out1@Construction 03-Feb-2023 07:15:38 CST  ModuleConstruction
Fast cloning deactivated due to presence of
event selection configuration.
%MSG
%MSG-w LoadNewGeometry:  BeginRun 03-Feb-2023 07:15:38 CST run: 1
cannot find sumdata::RunData object to grab detector name
this is expected if generating MC files
using default geometry from configuration file

%MSG
03-Feb-2023 07:15:38 CST  Opened output file with pattern "genie2art_sbnd_2023_1001_%p-%tc.root"
03-Feb-2023 07:15:40 CST  Closed output file "genie2art_sbnd_2023_1001_GenieGen-20230203T131540.root"

================================================================================================================================
TimeTracker printout (sec)                        Min           Avg           Max         Median          RMS         nEvts   
================================================================================================================================
Full event                                    0.000605774    0.0311644      0.30162     0.00119792     0.090153        10     
--------------------------------------------------------------------------------------------------------------------------------
source:EmptyEvent(read)                       5.6588e-05    0.000161432   0.000936159   6.8153e-05    0.000258914      10     
simulate:generator:AddGenieEventsToLAr        0.000194867    0.0297896     0.293176     0.000384618    0.0877961       10     
[art]:TriggerResults:TriggerResultInserter    1.0711e-05    1.63882e-05   4.5895e-05    1.13235e-05   1.0953e-05       10     
end_path:out1:RootOutput                       8.161e-06    3.42827e-05   0.000261506    8.492e-06    7.57512e-05      10     
end_path:out1:RootOutput(write)               0.000142419   0.000906372   0.00627914    0.000180918   0.00180822       10     
================================================================================================================================

====================================================================================================
MemoryTracker summary (base-10 MB units used)

  Peak virtual memory usage (VmPeak)  : 2636.87 MB
  Peak resident set size usage (VmHWM): 1110.09 MB
  Details saved in: 'memory.db'
====================================================================================================

TrigReport ---------- Event summary -------------
TrigReport Events total = 10 passed = 10 failed = 0

TrigReport ---------- Modules in End-path ----------
TrigReport        Run    Success      Error Name
TrigReport         10         10          0 out1

TimeReport ---------- Time summary [sec] -------
TimeReport CPU = 1.052406 Real = 1.880910

MemReport  ---------- Memory summary [base-10 MB] ------
MemReport  VmPeak = 2636.87 VmHWM = 1110.11

